[26-Feb-2019 20:11:56 UTC] PHP Warning:  mysqli_connect(): (HY000/2002): Connection timed out in /home/ubuntu/workspace/spring2019/week6/ch06/initial/guitarwars/index.php on line 19
[26-Feb-2019 20:11:56 UTC] PHP Stack trace:
[26-Feb-2019 20:11:56 UTC] PHP   1. {main}() /home/ubuntu/workspace/spring2019/week6/ch06/initial/guitarwars/index.php:0
[26-Feb-2019 20:11:56 UTC] PHP   2. mysqli_connect() /home/ubuntu/workspace/spring2019/week6/ch06/initial/guitarwars/index.php:19
[26-Feb-2019 20:11:56 UTC] PHP Warning:  mysqli_query() expects parameter 1 to be mysqli, boolean given in /home/ubuntu/workspace/spring2019/week6/ch06/initial/guitarwars/index.php on line 23
[26-Feb-2019 20:11:56 UTC] PHP Stack trace:
[26-Feb-2019 20:11:56 UTC] PHP   1. {main}() /home/ubuntu/workspace/spring2019/week6/ch06/initial/guitarwars/index.php:0
[26-Feb-2019 20:11:56 UTC] PHP   2. mysqli_query() /home/ubuntu/workspace/spring2019/week6/ch06/initial/guitarwars/index.php:23
[26-Feb-2019 20:11:56 UTC] PHP Warning:  mysqli_fetch_array() expects parameter 1 to be mysqli_result, null given in /home/ubuntu/workspace/spring2019/week6/ch06/initial/guitarwars/index.php on line 28
[26-Feb-2019 20:11:56 UTC] PHP Stack trace:
[26-Feb-2019 20:11:56 UTC] PHP   1. {main}() /home/ubuntu/workspace/spring2019/week6/ch06/initial/guitarwars/index.php:0
[26-Feb-2019 20:11:56 UTC] PHP   2. mysqli_fetch_array() /home/ubuntu/workspace/spring2019/week6/ch06/initial/guitarwars/index.php:28
[26-Feb-2019 20:11:56 UTC] PHP Warning:  mysqli_close() expects parameter 1 to be mysqli, boolean given in /home/ubuntu/workspace/spring2019/week6/ch06/initial/guitarwars/index.php on line 47
[26-Feb-2019 20:11:56 UTC] PHP Stack trace:
[26-Feb-2019 20:11:56 UTC] PHP   1. {main}() /home/ubuntu/workspace/spring2019/week6/ch06/initial/guitarwars/index.php:0
[26-Feb-2019 20:11:56 UTC] PHP   2. mysqli_close() /home/ubuntu/workspace/spring2019/week6/ch06/initial/guitarwars/index.php:47
[26-Feb-2019 20:12:42 UTC] PHP Warning:  mysqli_connect(): (HY000/2002): Connection timed out in /home/ubuntu/workspace/spring2019/week6/ch06/initial/guitarwars/index.php on line 19
[26-Feb-2019 20:12:42 UTC] PHP Stack trace:
[26-Feb-2019 20:12:42 UTC] PHP   1. {main}() /home/ubuntu/workspace/spring2019/week6/ch06/initial/guitarwars/index.php:0
[26-Feb-2019 20:12:42 UTC] PHP   2. mysqli_connect() /home/ubuntu/workspace/spring2019/week6/ch06/initial/guitarwars/index.php:19
[26-Feb-2019 20:12:42 UTC] PHP Warning:  mysqli_query() expects parameter 1 to be mysqli, boolean given in /home/ubuntu/workspace/spring2019/week6/ch06/initial/guitarwars/index.php on line 23
[26-Feb-2019 20:12:42 UTC] PHP Stack trace:
[26-Feb-2019 20:12:42 UTC] PHP   1. {main}() /home/ubuntu/workspace/spring2019/week6/ch06/initial/guitarwars/index.php:0
[26-Feb-2019 20:12:42 UTC] PHP   2. mysqli_query() /home/ubuntu/workspace/spring2019/week6/ch06/initial/guitarwars/index.php:23
[26-Feb-2019 20:12:42 UTC] PHP Warning:  mysqli_fetch_array() expects parameter 1 to be mysqli_result, null given in /home/ubuntu/workspace/spring2019/week6/ch06/initial/guitarwars/index.php on line 28
[26-Feb-2019 20:12:42 UTC] PHP Stack trace:
[26-Feb-2019 20:12:42 UTC] PHP   1. {main}() /home/ubuntu/workspace/spring2019/week6/ch06/initial/guitarwars/index.php:0
[26-Feb-2019 20:12:42 UTC] PHP   2. mysqli_fetch_array() /home/ubuntu/workspace/spring2019/week6/ch06/initial/guitarwars/index.php:28
[26-Feb-2019 20:12:42 UTC] PHP Warning:  mysqli_close() expects parameter 1 to be mysqli, boolean given in /home/ubuntu/workspace/spring2019/week6/ch06/initial/guitarwars/index.php on line 47
[26-Feb-2019 20:12:42 UTC] PHP Stack trace:
[26-Feb-2019 20:12:42 UTC] PHP   1. {main}() /home/ubuntu/workspace/spring2019/week6/ch06/initial/guitarwars/index.php:0
[26-Feb-2019 20:12:42 UTC] PHP   2. mysqli_close() /home/ubuntu/workspace/spring2019/week6/ch06/initial/guitarwars/index.php:47
[26-Feb-2019 20:12:42 UTC] PHP Warning:  mysqli_connect(): (HY000/2002): Connection timed out in /home/ubuntu/workspace/spring2019/week6/ch06/initial/guitarwars/index.php on line 19
[26-Feb-2019 20:12:42 UTC] PHP Stack trace:
[26-Feb-2019 20:12:42 UTC] PHP   1. {main}() /home/ubuntu/workspace/spring2019/week6/ch06/initial/guitarwars/index.php:0
[26-Feb-2019 20:12:42 UTC] PHP   2. mysqli_connect() /home/ubuntu/workspace/spring2019/week6/ch06/initial/guitarwars/index.php:19
[26-Feb-2019 20:12:42 UTC] PHP Warning:  mysqli_query() expects parameter 1 to be mysqli, boolean given in /home/ubuntu/workspace/spring2019/week6/ch06/initial/guitarwars/index.php on line 23
[26-Feb-2019 20:12:42 UTC] PHP Stack trace:
[26-Feb-2019 20:12:42 UTC] PHP   1. {main}() /home/ubuntu/workspace/spring2019/week6/ch06/initial/guitarwars/index.php:0
[26-Feb-2019 20:12:42 UTC] PHP   2. mysqli_query() /home/ubuntu/workspace/spring2019/week6/ch06/initial/guitarwars/index.php:23
[26-Feb-2019 20:12:42 UTC] PHP Warning:  mysqli_fetch_array() expects parameter 1 to be mysqli_result, null given in /home/ubuntu/workspace/spring2019/week6/ch06/initial/guitarwars/index.php on line 28
[26-Feb-2019 20:12:42 UTC] PHP Stack trace:
[26-Feb-2019 20:12:42 UTC] PHP   1. {main}() /home/ubuntu/workspace/spring2019/week6/ch06/initial/guitarwars/index.php:0
[26-Feb-2019 20:12:42 UTC] PHP   2. mysqli_fetch_array() /home/ubuntu/workspace/spring2019/week6/ch06/initial/guitarwars/index.php:28
[26-Feb-2019 20:12:42 UTC] PHP Warning:  mysqli_close() expects parameter 1 to be mysqli, boolean given in /home/ubuntu/workspace/spring2019/week6/ch06/initial/guitarwars/index.php on line 47
[26-Feb-2019 20:12:42 UTC] PHP Stack trace:
[26-Feb-2019 20:12:42 UTC] PHP   1. {main}() /home/ubuntu/workspace/spring2019/week6/ch06/initial/guitarwars/index.php:0
[26-Feb-2019 20:12:42 UTC] PHP   2. mysqli_close() /home/ubuntu/workspace/spring2019/week6/ch06/initial/guitarwars/index.php:47
[26-Feb-2019 20:15:24 UTC] PHP Warning:  mysqli_connect(): (HY000/2002): Connection timed out in /home/ubuntu/workspace/spring2019/week6/ch06/initial/guitarwars/index.php on line 19
[26-Feb-2019 20:15:24 UTC] PHP Stack trace:
[26-Feb-2019 20:15:24 UTC] PHP   1. {main}() /home/ubuntu/workspace/spring2019/week6/ch06/initial/guitarwars/index.php:0
[26-Feb-2019 20:15:24 UTC] PHP   2. mysqli_connect() /home/ubuntu/workspace/spring2019/week6/ch06/initial/guitarwars/index.php:19
[26-Feb-2019 20:15:24 UTC] PHP Warning:  mysqli_query() expects parameter 1 to be mysqli, boolean given in /home/ubuntu/workspace/spring2019/week6/ch06/initial/guitarwars/index.php on line 23
[26-Feb-2019 20:15:24 UTC] PHP Stack trace:
[26-Feb-2019 20:15:24 UTC] PHP   1. {main}() /home/ubuntu/workspace/spring2019/week6/ch06/initial/guitarwars/index.php:0
[26-Feb-2019 20:15:24 UTC] PHP   2. mysqli_query() /home/ubuntu/workspace/spring2019/week6/ch06/initial/guitarwars/index.php:23
[26-Feb-2019 20:15:24 UTC] PHP Warning:  mysqli_fetch_array() expects parameter 1 to be mysqli_result, null given in /home/ubuntu/workspace/spring2019/week6/ch06/initial/guitarwars/index.php on line 28
[26-Feb-2019 20:15:24 UTC] PHP Stack trace:
[26-Feb-2019 20:15:24 UTC] PHP   1. {main}() /home/ubuntu/workspace/spring2019/week6/ch06/initial/guitarwars/index.php:0
[26-Feb-2019 20:15:24 UTC] PHP   2. mysqli_fetch_array() /home/ubuntu/workspace/spring2019/week6/ch06/initial/guitarwars/index.php:28
[26-Feb-2019 20:15:24 UTC] PHP Warning:  mysqli_close() expects parameter 1 to be mysqli, boolean given in /home/ubuntu/workspace/spring2019/week6/ch06/initial/guitarwars/index.php on line 47
[26-Feb-2019 20:15:24 UTC] PHP Stack trace:
[26-Feb-2019 20:15:24 UTC] PHP   1. {main}() /home/ubuntu/workspace/spring2019/week6/ch06/initial/guitarwars/index.php:0
[26-Feb-2019 20:15:24 UTC] PHP   2. mysqli_close() /home/ubuntu/workspace/spring2019/week6/ch06/initial/guitarwars/index.php:47
[27-Feb-2019 01:12:13 UTC] PHP Warning:  mysqli_connect(): (HY000/2002): Connection timed out in /home/ubuntu/workspace/spring2019/week6/ch06/initial/guitarwars/index.php on line 19
[27-Feb-2019 01:12:13 UTC] PHP Stack trace:
[27-Feb-2019 01:12:13 UTC] PHP   1. {main}() /home/ubuntu/workspace/spring2019/week6/ch06/initial/guitarwars/index.php:0
[27-Feb-2019 01:12:13 UTC] PHP   2. mysqli_connect() /home/ubuntu/workspace/spring2019/week6/ch06/initial/guitarwars/index.php:19
[27-Feb-2019 01:12:13 UTC] PHP Warning:  mysqli_query() expects parameter 1 to be mysqli, boolean given in /home/ubuntu/workspace/spring2019/week6/ch06/initial/guitarwars/index.php on line 23
[27-Feb-2019 01:12:13 UTC] PHP Stack trace:
[27-Feb-2019 01:12:13 UTC] PHP   1. {main}() /home/ubuntu/workspace/spring2019/week6/ch06/initial/guitarwars/index.php:0
[27-Feb-2019 01:12:13 UTC] PHP   2. mysqli_query() /home/ubuntu/workspace/spring2019/week6/ch06/initial/guitarwars/index.php:23
[27-Feb-2019 01:12:13 UTC] PHP Warning:  mysqli_fetch_array() expects parameter 1 to be mysqli_result, null given in /home/ubuntu/workspace/spring2019/week6/ch06/initial/guitarwars/index.php on line 28
[27-Feb-2019 01:12:13 UTC] PHP Stack trace:
[27-Feb-2019 01:12:13 UTC] PHP   1. {main}() /home/ubuntu/workspace/spring2019/week6/ch06/initial/guitarwars/index.php:0
[27-Feb-2019 01:12:13 UTC] PHP   2. mysqli_fetch_array() /home/ubuntu/workspace/spring2019/week6/ch06/initial/guitarwars/index.php:28
[27-Feb-2019 01:12:13 UTC] PHP Warning:  mysqli_close() expects parameter 1 to be mysqli, boolean given in /home/ubuntu/workspace/spring2019/week6/ch06/initial/guitarwars/index.php on line 47
[27-Feb-2019 01:12:13 UTC] PHP Stack trace:
[27-Feb-2019 01:12:13 UTC] PHP   1. {main}() /home/ubuntu/workspace/spring2019/week6/ch06/initial/guitarwars/index.php:0
[27-Feb-2019 01:12:13 UTC] PHP   2. mysqli_close() /home/ubuntu/workspace/spring2019/week6/ch06/initial/guitarwars/index.php:47
[27-Feb-2019 01:12:41 UTC] PHP Warning:  mysqli_connect(): (HY000/2002): Connection timed out in /home/ubuntu/workspace/spring2019/week6/ch06/initial/guitarwars/index.php on line 19
[27-Feb-2019 01:12:41 UTC] PHP Stack trace:
[27-Feb-2019 01:12:41 UTC] PHP   1. {main}() /home/ubuntu/workspace/spring2019/week6/ch06/initial/guitarwars/index.php:0
[27-Feb-2019 01:12:41 UTC] PHP   2. mysqli_connect() /home/ubuntu/workspace/spring2019/week6/ch06/initial/guitarwars/index.php:19
[27-Feb-2019 01:12:41 UTC] PHP Warning:  mysqli_query() expects parameter 1 to be mysqli, boolean given in /home/ubuntu/workspace/spring2019/week6/ch06/initial/guitarwars/index.php on line 23
[27-Feb-2019 01:12:41 UTC] PHP Stack trace:
[27-Feb-2019 01:12:41 UTC] PHP   1. {main}() /home/ubuntu/workspace/spring2019/week6/ch06/initial/guitarwars/index.php:0
[27-Feb-2019 01:12:41 UTC] PHP   2. mysqli_query() /home/ubuntu/workspace/spring2019/week6/ch06/initial/guitarwars/index.php:23
[27-Feb-2019 01:12:41 UTC] PHP Warning:  mysqli_fetch_array() expects parameter 1 to be mysqli_result, null given in /home/ubuntu/workspace/spring2019/week6/ch06/initial/guitarwars/index.php on line 28
[27-Feb-2019 01:12:41 UTC] PHP Stack trace:
[27-Feb-2019 01:12:41 UTC] PHP   1. {main}() /home/ubuntu/workspace/spring2019/week6/ch06/initial/guitarwars/index.php:0
[27-Feb-2019 01:12:41 UTC] PHP   2. mysqli_fetch_array() /home/ubuntu/workspace/spring2019/week6/ch06/initial/guitarwars/index.php:28
[27-Feb-2019 01:12:41 UTC] PHP Warning:  mysqli_close() expects parameter 1 to be mysqli, boolean given in /home/ubuntu/workspace/spring2019/week6/ch06/initial/guitarwars/index.php on line 47
[27-Feb-2019 01:12:41 UTC] PHP Stack trace:
[27-Feb-2019 01:12:41 UTC] PHP   1. {main}() /home/ubuntu/workspace/spring2019/week6/ch06/initial/guitarwars/index.php:0
[27-Feb-2019 01:12:41 UTC] PHP   2. mysqli_close() /home/ubuntu/workspace/spring2019/week6/ch06/initial/guitarwars/index.php:47
[27-Feb-2019 02:16:04 UTC] PHP Warning:  mysqli_connect(): (HY000/2002): Connection timed out in /home/ubuntu/workspace/spring2019/week6/ch06/initial/guitarwars/index.php on line 19
[27-Feb-2019 02:16:04 UTC] PHP Stack trace:
[27-Feb-2019 02:16:04 UTC] PHP   1. {main}() /home/ubuntu/workspace/spring2019/week6/ch06/initial/guitarwars/index.php:0
[27-Feb-2019 02:16:04 UTC] PHP   2. mysqli_connect() /home/ubuntu/workspace/spring2019/week6/ch06/initial/guitarwars/index.php:19
[27-Feb-2019 02:16:04 UTC] PHP Warning:  mysqli_query() expects parameter 1 to be mysqli, boolean given in /home/ubuntu/workspace/spring2019/week6/ch06/initial/guitarwars/index.php on line 23
[27-Feb-2019 02:16:04 UTC] PHP Stack trace:
[27-Feb-2019 02:16:04 UTC] PHP   1. {main}() /home/ubuntu/workspace/spring2019/week6/ch06/initial/guitarwars/index.php:0
[27-Feb-2019 02:16:04 UTC] PHP   2. mysqli_query() /home/ubuntu/workspace/spring2019/week6/ch06/initial/guitarwars/index.php:23
[27-Feb-2019 02:16:04 UTC] PHP Warning:  mysqli_fetch_array() expects parameter 1 to be mysqli_result, null given in /home/ubuntu/workspace/spring2019/week6/ch06/initial/guitarwars/index.php on line 28
[27-Feb-2019 02:16:04 UTC] PHP Stack trace:
[27-Feb-2019 02:16:04 UTC] PHP   1. {main}() /home/ubuntu/workspace/spring2019/week6/ch06/initial/guitarwars/index.php:0
[27-Feb-2019 02:16:04 UTC] PHP   2. mysqli_fetch_array() /home/ubuntu/workspace/spring2019/week6/ch06/initial/guitarwars/index.php:28
[27-Feb-2019 02:16:04 UTC] PHP Warning:  mysqli_close() expects parameter 1 to be mysqli, boolean given in /home/ubuntu/workspace/spring2019/week6/ch06/initial/guitarwars/index.php on line 47
[27-Feb-2019 02:16:04 UTC] PHP Stack trace:
[27-Feb-2019 02:16:04 UTC] PHP   1. {main}() /home/ubuntu/workspace/spring2019/week6/ch06/initial/guitarwars/index.php:0
[27-Feb-2019 02:16:04 UTC] PHP   2. mysqli_close() /home/ubuntu/workspace/spring2019/week6/ch06/initial/guitarwars/index.php:47
[27-Feb-2019 02:16:06 UTC] PHP Warning:  mysqli_connect(): (HY000/2002): Connection timed out in /home/ubuntu/workspace/spring2019/week6/ch06/initial/guitarwars/index.php on line 19
[27-Feb-2019 02:16:06 UTC] PHP Stack trace:
[27-Feb-2019 02:16:06 UTC] PHP   1. {main}() /home/ubuntu/workspace/spring2019/week6/ch06/initial/guitarwars/index.php:0
[27-Feb-2019 02:16:06 UTC] PHP   2. mysqli_connect() /home/ubuntu/workspace/spring2019/week6/ch06/initial/guitarwars/index.php:19
[27-Feb-2019 02:16:06 UTC] PHP Warning:  mysqli_query() expects parameter 1 to be mysqli, boolean given in /home/ubuntu/workspace/spring2019/week6/ch06/initial/guitarwars/index.php on line 23
[27-Feb-2019 02:16:06 UTC] PHP Stack trace:
[27-Feb-2019 02:16:06 UTC] PHP   1. {main}() /home/ubuntu/workspace/spring2019/week6/ch06/initial/guitarwars/index.php:0
[27-Feb-2019 02:16:06 UTC] PHP   2. mysqli_query() /home/ubuntu/workspace/spring2019/week6/ch06/initial/guitarwars/index.php:23
[27-Feb-2019 02:16:06 UTC] PHP Warning:  mysqli_fetch_array() expects parameter 1 to be mysqli_result, null given in /home/ubuntu/workspace/spring2019/week6/ch06/initial/guitarwars/index.php on line 28
[27-Feb-2019 02:16:06 UTC] PHP Stack trace:
[27-Feb-2019 02:16:06 UTC] PHP   1. {main}() /home/ubuntu/workspace/spring2019/week6/ch06/initial/guitarwars/index.php:0
[27-Feb-2019 02:16:06 UTC] PHP   2. mysqli_fetch_array() /home/ubuntu/workspace/spring2019/week6/ch06/initial/guitarwars/index.php:28
[27-Feb-2019 02:16:06 UTC] PHP Warning:  mysqli_close() expects parameter 1 to be mysqli, boolean given in /home/ubuntu/workspace/spring2019/week6/ch06/initial/guitarwars/index.php on line 47
[27-Feb-2019 02:16:06 UTC] PHP Stack trace:
[27-Feb-2019 02:16:06 UTC] PHP   1. {main}() /home/ubuntu/workspace/spring2019/week6/ch06/initial/guitarwars/index.php:0
[27-Feb-2019 02:16:06 UTC] PHP   2. mysqli_close() /home/ubuntu/workspace/spring2019/week6/ch06/initial/guitarwars/index.php:47
[27-Feb-2019 02:16:09 UTC] PHP Warning:  mysqli_connect(): (HY000/2002): Connection timed out in /home/ubuntu/workspace/spring2019/week6/ch06/initial/guitarwars/index.php on line 19
[27-Feb-2019 02:16:09 UTC] PHP Stack trace:
[27-Feb-2019 02:16:09 UTC] PHP   1. {main}() /home/ubuntu/workspace/spring2019/week6/ch06/initial/guitarwars/index.php:0
[27-Feb-2019 02:16:09 UTC] PHP   2. mysqli_connect() /home/ubuntu/workspace/spring2019/week6/ch06/initial/guitarwars/index.php:19
[27-Feb-2019 02:16:09 UTC] PHP Warning:  mysqli_query() expects parameter 1 to be mysqli, boolean given in /home/ubuntu/workspace/spring2019/week6/ch06/initial/guitarwars/index.php on line 23
[27-Feb-2019 02:16:09 UTC] PHP Stack trace:
[27-Feb-2019 02:16:09 UTC] PHP   1. {main}() /home/ubuntu/workspace/spring2019/week6/ch06/initial/guitarwars/index.php:0
[27-Feb-2019 02:16:09 UTC] PHP   2. mysqli_query() /home/ubuntu/workspace/spring2019/week6/ch06/initial/guitarwars/index.php:23
[27-Feb-2019 02:16:09 UTC] PHP Warning:  mysqli_fetch_array() expects parameter 1 to be mysqli_result, null given in /home/ubuntu/workspace/spring2019/week6/ch06/initial/guitarwars/index.php on line 28
[27-Feb-2019 02:16:09 UTC] PHP Stack trace:
[27-Feb-2019 02:16:09 UTC] PHP   1. {main}() /home/ubuntu/workspace/spring2019/week6/ch06/initial/guitarwars/index.php:0
[27-Feb-2019 02:16:09 UTC] PHP   2. mysqli_fetch_array() /home/ubuntu/workspace/spring2019/week6/ch06/initial/guitarwars/index.php:28
[27-Feb-2019 02:16:09 UTC] PHP Warning:  mysqli_close() expects parameter 1 to be mysqli, boolean given in /home/ubuntu/workspace/spring2019/week6/ch06/initial/guitarwars/index.php on line 47
[27-Feb-2019 02:16:09 UTC] PHP Stack trace:
[27-Feb-2019 02:16:09 UTC] PHP   1. {main}() /home/ubuntu/workspace/spring2019/week6/ch06/initial/guitarwars/index.php:0
[27-Feb-2019 02:16:09 UTC] PHP   2. mysqli_close() /home/ubuntu/workspace/spring2019/week6/ch06/initial/guitarwars/index.php:47
[27-Feb-2019 02:17:47 UTC] PHP Warning:  require_once(authorizephp.php): failed to open stream: No such file or directory in /home/ubuntu/workspace/spring2019/week6/ch06/initial/guitarwars/admin.php on line 2
[27-Feb-2019 02:17:47 UTC] PHP Stack trace:
[27-Feb-2019 02:17:47 UTC] PHP   1. {main}() /home/ubuntu/workspace/spring2019/week6/ch06/initial/guitarwars/admin.php:0
[27-Feb-2019 02:17:47 UTC] PHP Fatal error:  require_once(): Failed opening required 'authorizephp.php' (include_path='.:/usr/share/php:/usr/share/pear') in /home/ubuntu/workspace/spring2019/week6/ch06/initial/guitarwars/admin.php on line 2
[27-Feb-2019 02:17:47 UTC] PHP Stack trace:
[27-Feb-2019 02:17:47 UTC] PHP   1. {main}() /home/ubuntu/workspace/spring2019/week6/ch06/initial/guitarwars/admin.php:0
[28-Feb-2019 01:18:55 UTC] PHP Warning:  mysqli_real_escape_string() expects parameter 1 to be mysqli, null given in /home/ubuntu/workspace/spring2019/week6/ch06/initial/guitarwars/addscore.php on line 18
[28-Feb-2019 01:18:55 UTC] PHP Stack trace:
[28-Feb-2019 01:18:55 UTC] PHP   1. {main}() /home/ubuntu/workspace/spring2019/week6/ch06/initial/guitarwars/addscore.php:0
[28-Feb-2019 01:18:55 UTC] PHP   2. mysqli_real_escape_string() /home/ubuntu/workspace/spring2019/week6/ch06/initial/guitarwars/addscore.php:18
[28-Feb-2019 01:18:55 UTC] PHP Warning:  mysqli_real_escape_string() expects parameter 1 to be mysqli, null given in /home/ubuntu/workspace/spring2019/week6/ch06/initial/guitarwars/addscore.php on line 19
[28-Feb-2019 01:18:55 UTC] PHP Stack trace:
[28-Feb-2019 01:18:55 UTC] PHP   1. {main}() /home/ubuntu/workspace/spring2019/week6/ch06/initial/guitarwars/addscore.php:0
[28-Feb-2019 01:18:55 UTC] PHP   2. mysqli_real_escape_string() /home/ubuntu/workspace/spring2019/week6/ch06/initial/guitarwars/addscore.php:19
[28-Feb-2019 01:18:55 UTC] PHP Warning:  mysqli_real_escape_string() expects parameter 1 to be mysqli, null given in /home/ubuntu/workspace/spring2019/week6/ch06/initial/guitarwars/addscore.php on line 20
[28-Feb-2019 01:18:55 UTC] PHP Stack trace:
[28-Feb-2019 01:18:55 UTC] PHP   1. {main}() /home/ubuntu/workspace/spring2019/week6/ch06/initial/guitarwars/addscore.php:0
[28-Feb-2019 01:18:55 UTC] PHP   2. mysqli_real_escape_string() /home/ubuntu/workspace/spring2019/week6/ch06/initial/guitarwars/addscore.php:20
[28-Feb-2019 04:02:51 UTC] PHP Warning:  mysqli_real_escape_string() expects parameter 1 to be mysqli, null given in /home/ubuntu/workspace/spring2019/week6/ch06/initial/guitarwars/addscore.php on line 18
[28-Feb-2019 04:02:51 UTC] PHP Stack trace:
[28-Feb-2019 04:02:51 UTC] PHP   1. {main}() /home/ubuntu/workspace/spring2019/week6/ch06/initial/guitarwars/addscore.php:0
[28-Feb-2019 04:02:51 UTC] PHP   2. mysqli_real_escape_string() /home/ubuntu/workspace/spring2019/week6/ch06/initial/guitarwars/addscore.php:18
[28-Feb-2019 04:02:51 UTC] PHP Warning:  mysqli_real_escape_string() expects parameter 1 to be mysqli, null given in /home/ubuntu/workspace/spring2019/week6/ch06/initial/guitarwars/addscore.php on line 19
[28-Feb-2019 04:02:51 UTC] PHP Stack trace:
[28-Feb-2019 04:02:51 UTC] PHP   1. {main}() /home/ubuntu/workspace/spring2019/week6/ch06/initial/guitarwars/addscore.php:0
[28-Feb-2019 04:02:51 UTC] PHP   2. mysqli_real_escape_string() /home/ubuntu/workspace/spring2019/week6/ch06/initial/guitarwars/addscore.php:19
[28-Feb-2019 04:02:51 UTC] PHP Warning:  mysqli_real_escape_string() expects parameter 1 to be mysqli, null given in /home/ubuntu/workspace/spring2019/week6/ch06/initial/guitarwars/addscore.php on line 20
[28-Feb-2019 04:02:51 UTC] PHP Stack trace:
[28-Feb-2019 04:02:51 UTC] PHP   1. {main}() /home/ubuntu/workspace/spring2019/week6/ch06/initial/guitarwars/addscore.php:0
[28-Feb-2019 04:02:51 UTC] PHP   2. mysqli_real_escape_string() /home/ubuntu/workspace/spring2019/week6/ch06/initial/guitarwars/addscore.php:20
[28-Feb-2019 04:09:19 UTC] PHP Parse error:  syntax error, unexpected '' . GW_UPLOADPATH . $screensho' (T_CONSTANT_ENCAPSED_STRING) in /home/ubuntu/workspace/spring2019/week6/ch06/initial/guitarwars/addscore.php on line 43
[28-Feb-2019 04:09:21 UTC] PHP Parse error:  syntax error, unexpected '' . GW_UPLOADPATH . $screensho' (T_CONSTANT_ENCAPSED_STRING) in /home/ubuntu/workspace/spring2019/week6/ch06/initial/guitarwars/addscore.php on line 43
[28-Feb-2019 04:09:23 UTC] PHP Parse error:  syntax error, unexpected '' . GW_UPLOADPATH . $screensho' (T_CONSTANT_ENCAPSED_STRING) in /home/ubuntu/workspace/spring2019/week6/ch06/initial/guitarwars/addscore.php on line 43
[28-Feb-2019 04:09:27 UTC] PHP Parse error:  syntax error, unexpected '' . GW_UPLOADPATH . $screensho' (T_CONSTANT_ENCAPSED_STRING) in /home/ubuntu/workspace/spring2019/week6/ch06/initial/guitarwars/addscore.php on line 43
[28-Feb-2019 04:11:42 UTC] PHP Warning:  mysqli_real_escape_string() expects parameter 1 to be mysqli, null given in /home/ubuntu/workspace/spring2019/week6/ch06/initial/guitarwars/addscore.php on line 18
[28-Feb-2019 04:11:42 UTC] PHP Stack trace:
[28-Feb-2019 04:11:42 UTC] PHP   1. {main}() /home/ubuntu/workspace/spring2019/week6/ch06/initial/guitarwars/addscore.php:0
[28-Feb-2019 04:11:42 UTC] PHP   2. mysqli_real_escape_string() /home/ubuntu/workspace/spring2019/week6/ch06/initial/guitarwars/addscore.php:18
[28-Feb-2019 04:11:42 UTC] PHP Warning:  mysqli_real_escape_string() expects parameter 1 to be mysqli, null given in /home/ubuntu/workspace/spring2019/week6/ch06/initial/guitarwars/addscore.php on line 19
[28-Feb-2019 04:11:42 UTC] PHP Stack trace:
[28-Feb-2019 04:11:42 UTC] PHP   1. {main}() /home/ubuntu/workspace/spring2019/week6/ch06/initial/guitarwars/addscore.php:0
[28-Feb-2019 04:11:42 UTC] PHP   2. mysqli_real_escape_string() /home/ubuntu/workspace/spring2019/week6/ch06/initial/guitarwars/addscore.php:19
[28-Feb-2019 04:11:42 UTC] PHP Warning:  mysqli_real_escape_string() expects parameter 1 to be mysqli, null given in /home/ubuntu/workspace/spring2019/week6/ch06/initial/guitarwars/addscore.php on line 20
[28-Feb-2019 04:11:42 UTC] PHP Stack trace:
[28-Feb-2019 04:11:42 UTC] PHP   1. {main}() /home/ubuntu/workspace/spring2019/week6/ch06/initial/guitarwars/addscore.php:0
[28-Feb-2019 04:11:42 UTC] PHP   2. mysqli_real_escape_string() /home/ubuntu/workspace/spring2019/week6/ch06/initial/guitarwars/addscore.php:20
[28-Feb-2019 04:17:20 UTC] PHP Warning:  mysqli_real_escape_string() expects parameter 1 to be mysqli, null given in /home/ubuntu/workspace/spring2019/week6/ch06/initial/guitarwars/addscore.php on line 18
[28-Feb-2019 04:17:20 UTC] PHP Stack trace:
[28-Feb-2019 04:17:20 UTC] PHP   1. {main}() /home/ubuntu/workspace/spring2019/week6/ch06/initial/guitarwars/addscore.php:0
[28-Feb-2019 04:17:20 UTC] PHP   2. mysqli_real_escape_string() /home/ubuntu/workspace/spring2019/week6/ch06/initial/guitarwars/addscore.php:18
[28-Feb-2019 04:17:20 UTC] PHP Warning:  mysqli_real_escape_string() expects parameter 1 to be mysqli, null given in /home/ubuntu/workspace/spring2019/week6/ch06/initial/guitarwars/addscore.php on line 19
[28-Feb-2019 04:17:20 UTC] PHP Stack trace:
[28-Feb-2019 04:17:20 UTC] PHP   1. {main}() /home/ubuntu/workspace/spring2019/week6/ch06/initial/guitarwars/addscore.php:0
[28-Feb-2019 04:17:20 UTC] PHP   2. mysqli_real_escape_string() /home/ubuntu/workspace/spring2019/week6/ch06/initial/guitarwars/addscore.php:19
[28-Feb-2019 04:17:20 UTC] PHP Warning:  mysqli_real_escape_string() expects parameter 1 to be mysqli, null given in /home/ubuntu/workspace/spring2019/week6/ch06/initial/guitarwars/addscore.php on line 20
[28-Feb-2019 04:17:20 UTC] PHP Stack trace:
[28-Feb-2019 04:17:20 UTC] PHP   1. {main}() /home/ubuntu/workspace/spring2019/week6/ch06/initial/guitarwars/addscore.php:0
[28-Feb-2019 04:17:20 UTC] PHP   2. mysqli_real_escape_string() /home/ubuntu/workspace/spring2019/week6/ch06/initial/guitarwars/addscore.php:20
[28-Feb-2019 04:19:19 UTC] PHP Warning:  mysqli_real_escape_string() expects parameter 1 to be mysqli, null given in /home/ubuntu/workspace/spring2019/week6/ch06/initial/guitarwars/addscore.php on line 18
[28-Feb-2019 04:19:19 UTC] PHP Stack trace:
[28-Feb-2019 04:19:19 UTC] PHP   1. {main}() /home/ubuntu/workspace/spring2019/week6/ch06/initial/guitarwars/addscore.php:0
[28-Feb-2019 04:19:19 UTC] PHP   2. mysqli_real_escape_string() /home/ubuntu/workspace/spring2019/week6/ch06/initial/guitarwars/addscore.php:18
[28-Feb-2019 04:19:19 UTC] PHP Warning:  mysqli_real_escape_string() expects parameter 1 to be mysqli, null given in /home/ubuntu/workspace/spring2019/week6/ch06/initial/guitarwars/addscore.php on line 19
[28-Feb-2019 04:19:19 UTC] PHP Stack trace:
[28-Feb-2019 04:19:19 UTC] PHP   1. {main}() /home/ubuntu/workspace/spring2019/week6/ch06/initial/guitarwars/addscore.php:0
[28-Feb-2019 04:19:19 UTC] PHP   2. mysqli_real_escape_string() /home/ubuntu/workspace/spring2019/week6/ch06/initial/guitarwars/addscore.php:19
[28-Feb-2019 04:19:19 UTC] PHP Warning:  mysqli_real_escape_string() expects parameter 1 to be mysqli, null given in /home/ubuntu/workspace/spring2019/week6/ch06/initial/guitarwars/addscore.php on line 20
[28-Feb-2019 04:19:19 UTC] PHP Stack trace:
[28-Feb-2019 04:19:19 UTC] PHP   1. {main}() /home/ubuntu/workspace/spring2019/week6/ch06/initial/guitarwars/addscore.php:0
[28-Feb-2019 04:19:19 UTC] PHP   2. mysqli_real_escape_string() /home/ubuntu/workspace/spring2019/week6/ch06/initial/guitarwars/addscore.php:20
[28-Feb-2019 04:19:37 UTC] PHP Warning:  mysqli_real_escape_string() expects parameter 1 to be mysqli, null given in /home/ubuntu/workspace/spring2019/week6/ch06/initial/guitarwars/addscore.php on line 18
[28-Feb-2019 04:19:37 UTC] PHP Stack trace:
[28-Feb-2019 04:19:37 UTC] PHP   1. {main}() /home/ubuntu/workspace/spring2019/week6/ch06/initial/guitarwars/addscore.php:0
[28-Feb-2019 04:19:37 UTC] PHP   2. mysqli_real_escape_string() /home/ubuntu/workspace/spring2019/week6/ch06/initial/guitarwars/addscore.php:18
[28-Feb-2019 04:19:37 UTC] PHP Warning:  mysqli_real_escape_string() expects parameter 1 to be mysqli, null given in /home/ubuntu/workspace/spring2019/week6/ch06/initial/guitarwars/addscore.php on line 19
[28-Feb-2019 04:19:37 UTC] PHP Stack trace:
[28-Feb-2019 04:19:37 UTC] PHP   1. {main}() /home/ubuntu/workspace/spring2019/week6/ch06/initial/guitarwars/addscore.php:0
[28-Feb-2019 04:19:37 UTC] PHP   2. mysqli_real_escape_string() /home/ubuntu/workspace/spring2019/week6/ch06/initial/guitarwars/addscore.php:19
[28-Feb-2019 04:19:37 UTC] PHP Warning:  mysqli_real_escape_string() expects parameter 1 to be mysqli, null given in /home/ubuntu/workspace/spring2019/week6/ch06/initial/guitarwars/addscore.php on line 20
[28-Feb-2019 04:19:37 UTC] PHP Stack trace:
[28-Feb-2019 04:19:37 UTC] PHP   1. {main}() /home/ubuntu/workspace/spring2019/week6/ch06/initial/guitarwars/addscore.php:0
[28-Feb-2019 04:19:37 UTC] PHP   2. mysqli_real_escape_string() /home/ubuntu/workspace/spring2019/week6/ch06/initial/guitarwars/addscore.php:20
[28-Feb-2019 18:58:05 UTC] PHP Warning:  mysqli_real_escape_string() expects parameter 1 to be mysqli, null given in /home/ubuntu/workspace/spring2019/week6/ch06/initial/guitarwars/addscore.php on line 19
[28-Feb-2019 18:58:05 UTC] PHP Stack trace:
[28-Feb-2019 18:58:05 UTC] PHP   1. {main}() /home/ubuntu/workspace/spring2019/week6/ch06/initial/guitarwars/addscore.php:0
[28-Feb-2019 18:58:05 UTC] PHP   2. mysqli_real_escape_string() /home/ubuntu/workspace/spring2019/week6/ch06/initial/guitarwars/addscore.php:19
[28-Feb-2019 18:58:05 UTC] PHP Warning:  mysqli_real_escape_string() expects parameter 1 to be mysqli, null given in /home/ubuntu/workspace/spring2019/week6/ch06/initial/guitarwars/addscore.php on line 20
[28-Feb-2019 18:58:05 UTC] PHP Stack trace:
[28-Feb-2019 18:58:05 UTC] PHP   1. {main}() /home/ubuntu/workspace/spring2019/week6/ch06/initial/guitarwars/addscore.php:0
[28-Feb-2019 18:58:05 UTC] PHP   2. mysqli_real_escape_string() /home/ubuntu/workspace/spring2019/week6/ch06/initial/guitarwars/addscore.php:20
[28-Feb-2019 18:58:05 UTC] PHP Warning:  mysqli_real_escape_string() expects parameter 1 to be mysqli, null given in /home/ubuntu/workspace/spring2019/week6/ch06/initial/guitarwars/addscore.php on line 21
[28-Feb-2019 18:58:05 UTC] PHP Stack trace:
[28-Feb-2019 18:58:05 UTC] PHP   1. {main}() /home/ubuntu/workspace/spring2019/week6/ch06/initial/guitarwars/addscore.php:0
[28-Feb-2019 18:58:05 UTC] PHP   2. mysqli_real_escape_string() /home/ubuntu/workspace/spring2019/week6/ch06/initial/guitarwars/addscore.php:21
[28-Feb-2019 19:02:28 UTC] PHP Warning:  mysqli_real_escape_string() expects parameter 1 to be mysqli, null given in /home/ubuntu/workspace/spring2019/week6/ch06/initial/guitarwars/addscore.php on line 19
[28-Feb-2019 19:02:28 UTC] PHP Stack trace:
[28-Feb-2019 19:02:28 UTC] PHP   1. {main}() /home/ubuntu/workspace/spring2019/week6/ch06/initial/guitarwars/addscore.php:0
[28-Feb-2019 19:02:28 UTC] PHP   2. mysqli_real_escape_string() /home/ubuntu/workspace/spring2019/week6/ch06/initial/guitarwars/addscore.php:19
[28-Feb-2019 19:02:28 UTC] PHP Warning:  mysqli_real_escape_string() expects parameter 1 to be mysqli, null given in /home/ubuntu/workspace/spring2019/week6/ch06/initial/guitarwars/addscore.php on line 20
[28-Feb-2019 19:02:28 UTC] PHP Stack trace:
[28-Feb-2019 19:02:28 UTC] PHP   1. {main}() /home/ubuntu/workspace/spring2019/week6/ch06/initial/guitarwars/addscore.php:0
[28-Feb-2019 19:02:28 UTC] PHP   2. mysqli_real_escape_string() /home/ubuntu/workspace/spring2019/week6/ch06/initial/guitarwars/addscore.php:20
[28-Feb-2019 19:02:28 UTC] PHP Warning:  mysqli_real_escape_string() expects parameter 1 to be mysqli, null given in /home/ubuntu/workspace/spring2019/week6/ch06/initial/guitarwars/addscore.php on line 21
[28-Feb-2019 19:02:28 UTC] PHP Stack trace:
[28-Feb-2019 19:02:28 UTC] PHP   1. {main}() /home/ubuntu/workspace/spring2019/week6/ch06/initial/guitarwars/addscore.php:0
[28-Feb-2019 19:02:28 UTC] PHP   2. mysqli_real_escape_string() /home/ubuntu/workspace/spring2019/week6/ch06/initial/guitarwars/addscore.php:21
[28-Feb-2019 19:27:46 UTC] PHP Parse error:  syntax error, unexpected 'or' (T_LOGICAL_OR) in /home/ubuntu/workspace/spring2019/week6/ch06/initial/guitarwars/addscore.php on line 46
