[05-Feb-2019 19:58:38 UTC] PHP Fatal error:  Call to undefined function myspliconnect() in /home/ubuntu/workspace/spring2019/week3/ch03/initial/makemeelvis/addemail.php on line 2
[05-Feb-2019 19:58:38 UTC] PHP Stack trace:
[05-Feb-2019 19:58:38 UTC] PHP   1. {main}() /home/ubuntu/workspace/spring2019/week3/ch03/initial/makemeelvis/addemail.php:0
[05-Feb-2019 19:59:19 UTC] PHP Fatal error:  Call to undefined function myspli_connect() in /home/ubuntu/workspace/spring2019/week3/ch03/initial/makemeelvis/addemail.php on line 2
[05-Feb-2019 19:59:19 UTC] PHP Stack trace:
[05-Feb-2019 19:59:19 UTC] PHP   1. {main}() /home/ubuntu/workspace/spring2019/week3/ch03/initial/makemeelvis/addemail.php:0
[05-Feb-2019 19:59:22 UTC] PHP Fatal error:  Call to undefined function myspli_connect() in /home/ubuntu/workspace/spring2019/week3/ch03/initial/makemeelvis/addemail.php on line 2
[05-Feb-2019 19:59:22 UTC] PHP Stack trace:
[05-Feb-2019 19:59:22 UTC] PHP   1. {main}() /home/ubuntu/workspace/spring2019/week3/ch03/initial/makemeelvis/addemail.php:0
[05-Feb-2019 19:59:39 UTC] PHP Fatal error:  Function name must be a string in /home/ubuntu/workspace/spring2019/week3/ch03/initial/makemeelvis/addemail.php on line 12
[05-Feb-2019 19:59:39 UTC] PHP Stack trace:
[05-Feb-2019 19:59:39 UTC] PHP   1. {main}() /home/ubuntu/workspace/spring2019/week3/ch03/initial/makemeelvis/addemail.php:0
[07-Feb-2019 04:44:17 UTC] PHP Warning:  mysql_fetch_array() expects parameter 1 to be resource, object given in /home/ubuntu/workspace/spring2019/week3/ch03/initial/makemeelvis/sendemail.php on line 13
[07-Feb-2019 04:44:17 UTC] PHP Stack trace:
[07-Feb-2019 04:44:17 UTC] PHP   1. {main}() /home/ubuntu/workspace/spring2019/week3/ch03/initial/makemeelvis/sendemail.php:0
[07-Feb-2019 04:44:17 UTC] PHP   2. mysql_fetch_array() /home/ubuntu/workspace/spring2019/week3/ch03/initial/makemeelvis/sendemail.php:13
[07-Feb-2019 04:44:17 UTC] PHP Fatal error:  Call to undefined function myswli_cose() in /home/ubuntu/workspace/spring2019/week3/ch03/initial/makemeelvis/sendemail.php on line 24
[07-Feb-2019 04:44:17 UTC] PHP Stack trace:
[07-Feb-2019 04:44:17 UTC] PHP   1. {main}() /home/ubuntu/workspace/spring2019/week3/ch03/initial/makemeelvis/sendemail.php:0
[07-Feb-2019 04:46:21 UTC] PHP Fatal error:  Call to undefined function myswli_cose() in /home/ubuntu/workspace/spring2019/week3/ch03/initial/makemeelvis/sendemail.php on line 24
[07-Feb-2019 04:46:22 UTC] PHP Stack trace:
[07-Feb-2019 04:46:22 UTC] PHP   1. {main}() /home/ubuntu/workspace/spring2019/week3/ch03/initial/makemeelvis/sendemail.php:0
