[12-Feb-2019 20:43:02 UTC] PHP Warning:  mysqli_connect(): php_network_getaddresses: getaddrinfo failed: Name or service not known in /home/ubuntu/workspace/spring2019/week4/ch04/initial/makemeelvis/sendemail.php on line 16
[12-Feb-2019 20:43:02 UTC] PHP Stack trace:
[12-Feb-2019 20:43:02 UTC] PHP   1. {main}() /home/ubuntu/workspace/spring2019/week4/ch04/initial/makemeelvis/sendemail.php:0
[12-Feb-2019 20:43:02 UTC] PHP   2. mysqli_connect() /home/ubuntu/workspace/spring2019/week4/ch04/initial/makemeelvis/sendemail.php:16
[12-Feb-2019 20:43:02 UTC] PHP Warning:  mysqli_connect(): (HY000/2002): php_network_getaddresses: getaddrinfo failed: Name or service not known in /home/ubuntu/workspace/spring2019/week4/ch04/initial/makemeelvis/sendemail.php on line 16
[12-Feb-2019 20:43:02 UTC] PHP Stack trace:
[12-Feb-2019 20:43:02 UTC] PHP   1. {main}() /home/ubuntu/workspace/spring2019/week4/ch04/initial/makemeelvis/sendemail.php:0
[12-Feb-2019 20:43:02 UTC] PHP   2. mysqli_connect() /home/ubuntu/workspace/spring2019/week4/ch04/initial/makemeelvis/sendemail.php:16
[12-Feb-2019 20:49:40 UTC] PHP Fatal error:  Call to undefined function empth() in /home/ubuntu/workspace/spring2019/week4/ch04/initial/makemeelvis/sendemail.php on line 16
[12-Feb-2019 20:49:40 UTC] PHP Stack trace:
[12-Feb-2019 20:49:40 UTC] PHP   1. {main}() /home/ubuntu/workspace/spring2019/week4/ch04/initial/makemeelvis/sendemail.php:0
[12-Feb-2019 20:50:08 UTC] PHP Fatal error:  Call to undefined function empth() in /home/ubuntu/workspace/spring2019/week4/ch04/initial/makemeelvis/sendemail.php on line 16
[12-Feb-2019 20:50:08 UTC] PHP Stack trace:
[12-Feb-2019 20:50:08 UTC] PHP   1. {main}() /home/ubuntu/workspace/spring2019/week4/ch04/initial/makemeelvis/sendemail.php:0
[12-Feb-2019 21:01:13 UTC] PHP Parse error:  syntax error, unexpected end of file in /home/ubuntu/workspace/spring2019/week4/ch04/initial/makemeelvis/sendemail.php on line 43
[12-Feb-2019 21:01:47 UTC] PHP Parse error:  syntax error, unexpected end of file in /home/ubuntu/workspace/spring2019/week4/ch04/initial/makemeelvis/sendemail.php on line 42
[12-Feb-2019 21:03:39 UTC] PHP Parse error:  syntax error, unexpected end of file in /home/ubuntu/workspace/spring2019/week4/ch04/initial/makemeelvis/sendemail.php on line 43
[12-Feb-2019 21:03:49 UTC] PHP Parse error:  syntax error, unexpected end of file in /home/ubuntu/workspace/spring2019/week4/ch04/initial/makemeelvis/sendemail.php on line 43
[12-Feb-2019 21:04:06 UTC] PHP Parse error:  syntax error, unexpected end of file in /home/ubuntu/workspace/spring2019/week4/ch04/initial/makemeelvis/sendemail.php on line 42
[14-Feb-2019 19:58:01 UTC] PHP Parse error:  syntax error, unexpected end of file in /home/ubuntu/workspace/spring2019/week4/ch04/initial/makemeelvis/sendemail.php on line 60
[14-Feb-2019 20:03:29 UTC] PHP Parse error:  syntax error, unexpected end of file in /home/ubuntu/workspace/spring2019/week4/ch04/initial/makemeelvis/sendemail.php on line 60
[15-Feb-2019 01:07:30 UTC] PHP Parse error:  syntax error, unexpected end of file in /home/ubuntu/workspace/spring2019/week4/ch04/initial/makemeelvis/sendemail.php on line 91
[15-Feb-2019 01:07:32 UTC] PHP Parse error:  syntax error, unexpected end of file in /home/ubuntu/workspace/spring2019/week4/ch04/initial/makemeelvis/sendemail.php on line 91
[15-Feb-2019 02:10:09 UTC] PHP Warning:  mysqli_query(): Empty query in /home/ubuntu/workspace/spring2019/week4/ch04/initial/makemeelvis/removeemail.php on line 29
[15-Feb-2019 02:10:09 UTC] PHP Stack trace:
[15-Feb-2019 02:10:09 UTC] PHP   1. {main}() /home/ubuntu/workspace/spring2019/week4/ch04/initial/makemeelvis/removeemail.php:0
[15-Feb-2019 02:10:09 UTC] PHP   2. mysqli_query() /home/ubuntu/workspace/spring2019/week4/ch04/initial/makemeelvis/removeemail.php:29
[15-Feb-2019 02:10:09 UTC] PHP Warning:  mysql_fetch_array() expects parameter 1 to be resource, boolean given in /home/ubuntu/workspace/spring2019/week4/ch04/initial/makemeelvis/removeemail.php on line 30
[15-Feb-2019 02:10:09 UTC] PHP Stack trace:
[15-Feb-2019 02:10:09 UTC] PHP   1. {main}() /home/ubuntu/workspace/spring2019/week4/ch04/initial/makemeelvis/removeemail.php:0
[15-Feb-2019 02:10:09 UTC] PHP   2. mysql_fetch_array() /home/ubuntu/workspace/spring2019/week4/ch04/initial/makemeelvis/removeemail.php:30
[15-Feb-2019 02:11:21 UTC] PHP Warning:  mysql_fetch_array() expects parameter 1 to be resource, object given in /home/ubuntu/workspace/spring2019/week4/ch04/initial/makemeelvis/removeemail.php on line 30
[15-Feb-2019 02:11:21 UTC] PHP Stack trace:
[15-Feb-2019 02:11:21 UTC] PHP   1. {main}() /home/ubuntu/workspace/spring2019/week4/ch04/initial/makemeelvis/removeemail.php:0
[15-Feb-2019 02:11:21 UTC] PHP   2. mysql_fetch_array() /home/ubuntu/workspace/spring2019/week4/ch04/initial/makemeelvis/removeemail.php:30
[15-Feb-2019 02:11:34 UTC] PHP Warning:  mysql_fetch_array() expects parameter 1 to be resource, object given in /home/ubuntu/workspace/spring2019/week4/ch04/initial/makemeelvis/removeemail.php on line 30
[15-Feb-2019 02:11:34 UTC] PHP Stack trace:
[15-Feb-2019 02:11:34 UTC] PHP   1. {main}() /home/ubuntu/workspace/spring2019/week4/ch04/initial/makemeelvis/removeemail.php:0
[15-Feb-2019 02:11:34 UTC] PHP   2. mysql_fetch_array() /home/ubuntu/workspace/spring2019/week4/ch04/initial/makemeelvis/removeemail.php:30
[19-Feb-2019 20:05:26 UTC] PHP Warning:  mysqli_connect(): php_network_getaddresses: getaddrinfo failed: Name or service not known in /home/ubuntu/workspace/spring2019/week4/ch04/initial/makemeelvis/addemail.php on line 12
[19-Feb-2019 20:05:26 UTC] PHP Stack trace:
[19-Feb-2019 20:05:26 UTC] PHP   1. {main}() /home/ubuntu/workspace/spring2019/week4/ch04/initial/makemeelvis/addemail.php:0
[19-Feb-2019 20:05:26 UTC] PHP   2. mysqli_connect() /home/ubuntu/workspace/spring2019/week4/ch04/initial/makemeelvis/addemail.php:12
[19-Feb-2019 20:05:26 UTC] PHP Warning:  mysqli_connect(): (HY000/2002): php_network_getaddresses: getaddrinfo failed: Name or service not known in /home/ubuntu/workspace/spring2019/week4/ch04/initial/makemeelvis/addemail.php on line 12
[19-Feb-2019 20:05:26 UTC] PHP Stack trace:
[19-Feb-2019 20:05:26 UTC] PHP   1. {main}() /home/ubuntu/workspace/spring2019/week4/ch04/initial/makemeelvis/addemail.php:0
[19-Feb-2019 20:05:26 UTC] PHP   2. mysqli_connect() /home/ubuntu/workspace/spring2019/week4/ch04/initial/makemeelvis/addemail.php:12
[19-Feb-2019 20:05:45 UTC] PHP Warning:  mysqli_connect(): php_network_getaddresses: getaddrinfo failed: Name or service not known in /home/ubuntu/workspace/spring2019/week4/ch04/initial/makemeelvis/addemail.php on line 12
[19-Feb-2019 20:05:45 UTC] PHP Stack trace:
[19-Feb-2019 20:05:45 UTC] PHP   1. {main}() /home/ubuntu/workspace/spring2019/week4/ch04/initial/makemeelvis/addemail.php:0
[19-Feb-2019 20:05:45 UTC] PHP   2. mysqli_connect() /home/ubuntu/workspace/spring2019/week4/ch04/initial/makemeelvis/addemail.php:12
[19-Feb-2019 20:05:45 UTC] PHP Warning:  mysqli_connect(): (HY000/2002): php_network_getaddresses: getaddrinfo failed: Name or service not known in /home/ubuntu/workspace/spring2019/week4/ch04/initial/makemeelvis/addemail.php on line 12
[19-Feb-2019 20:05:45 UTC] PHP Stack trace:
[19-Feb-2019 20:05:45 UTC] PHP   1. {main}() /home/ubuntu/workspace/spring2019/week4/ch04/initial/makemeelvis/addemail.php:0
[19-Feb-2019 20:05:45 UTC] PHP   2. mysqli_connect() /home/ubuntu/workspace/spring2019/week4/ch04/initial/makemeelvis/addemail.php:12
[21-Feb-2019 19:58:07 UTC] PHP Warning:  Invalid argument supplied for foreach() in /home/ubuntu/workspace/spring2019/week4/ch04/initial/makemeelvis/removeemail.php on line 22
[21-Feb-2019 19:58:07 UTC] PHP Stack trace:
[21-Feb-2019 19:58:07 UTC] PHP   1. {main}() /home/ubuntu/workspace/spring2019/week4/ch04/initial/makemeelvis/removeemail.php:0
